Thu Mar 02 05:51:17 2023   ====================confirm.php====================
Thu Mar 02 05:51:17 2023   Query => 
Thu Mar 02 05:51:17 2023   Error => 『ユーザーID』は必要です。
Thu Mar 02 05:51:17 2023   =======================================================
Thu Mar 02 06:07:36 2023   ====================confirm.php====================
Thu Mar 02 06:07:36 2023   Query => 
Thu Mar 02 06:07:36 2023   Error => ユーザーはすでに存在します。
Thu Mar 02 06:07:36 2023   =======================================================
Thu Mar 02 07:20:33 2023   ====================confirm.php====================
Thu Mar 02 07:20:33 2023   Query => 
Thu Mar 02 07:20:33 2023   Error => ユーザIDまたはパスワードの桁数は8から16の間です。
Thu Mar 02 07:20:33 2023   =======================================================
Thu Mar 02 07:38:02 2023   ====================confirm.php====================
Thu Mar 02 07:38:02 2023   Query => 
Thu Mar 02 07:38:02 2023   Error => ユーザIDまたはパスワードの桁数は8から16の間です。
Thu Mar 02 07:38:02 2023   =======================================================
Thu Mar 02 07:59:16 2023   ====================confirm.php====================
Thu Mar 02 07:59:16 2023   Query => 
Thu Mar 02 07:59:16 2023   Error => 『パスワード』は必要です。
Thu Mar 02 07:59:16 2023   =======================================================
Thu Mar 02 07:59:23 2023   ====================confirm.php====================
Thu Mar 02 07:59:23 2023   Query => 
Thu Mar 02 07:59:23 2023   Error => 『パスワード』は必要です。
Thu Mar 02 07:59:23 2023   =======================================================
Thu Mar 02 08:13:28 2023   ====================confirm.php====================
Thu Mar 02 08:13:28 2023   Query => 
Thu Mar 02 08:13:28 2023   Error => ユーザIDまたはパスワードの桁数は8から16の間です。
Thu Mar 02 08:13:28 2023   =======================================================
Thu Mar 02 08:14:06 2023   ====================confirm.php====================
Thu Mar 02 08:14:06 2023   Query => 
Thu Mar 02 08:14:06 2023   Error => ユーザIDまたはパスワードの桁数は8から16の間です。
Thu Mar 02 08:14:06 2023   =======================================================
Thu Mar 02 08:21:01 2023   ====================confirm.php====================
Thu Mar 02 08:21:01 2023   Query => 
Thu Mar 02 08:21:01 2023   Error => ユーザIDまたはパスワードの桁数は8から16の間です。
Thu Mar 02 08:21:01 2023   =======================================================
Thu Mar 02 08:21:16 2023   ====================confirm.php====================
Thu Mar 02 08:21:16 2023   Query => 
Thu Mar 02 08:21:16 2023   Error => ユーザIDまたはパスワードの桁数は8から16の間です。
Thu Mar 02 08:21:16 2023   =======================================================
Thu Mar 02 08:27:42 2023   ====================confirm.php====================
Thu Mar 02 08:27:42 2023   Query => 
Thu Mar 02 08:27:42 2023   Error => 『年齢』は必要です。
Thu Mar 02 08:27:42 2023   =======================================================
Thu Mar 02 08:34:07 2023   ====================confirm.php====================
Thu Mar 02 08:34:07 2023   Query => 
Thu Mar 02 08:34:07 2023   Error => ユーザーはすでに存在します。
Thu Mar 02 08:34:07 2023   =======================================================
Thu Mar 02 08:37:56 2023   ====================confirm.php====================
Thu Mar 02 08:37:56 2023   Query => 
Thu Mar 02 08:37:56 2023   Error => 『パスワード』は必要です。
Thu Mar 02 08:37:56 2023   =======================================================
Thu Mar 02 08:40:12 2023   ====================confirm.php====================
Thu Mar 02 08:40:12 2023   Query => 
Thu Mar 02 08:40:12 2023   Error => ユーザIDまたはパスワードの桁数は8から16の間です。
Thu Mar 02 08:40:12 2023   =======================================================
Thu Mar 02 08:40:28 2023   ====================confirm.php====================
Thu Mar 02 08:40:28 2023   Query => 
Thu Mar 02 08:40:28 2023   Error => ユーザIDまたはパスワードの桁数は8から16の間です。
Thu Mar 02 08:40:28 2023   =======================================================
Thu Mar 02 08:43:42 2023   ====================confirm.php====================
Thu Mar 02 08:43:42 2023   Query => 
Thu Mar 02 08:43:42 2023   Error => ユーザIDまたはパスワードの桁数は8から16の間です。
Thu Mar 02 08:43:42 2023   =======================================================
Thu Mar 02 08:44:30 2023   ====================confirm.php====================
Thu Mar 02 08:44:30 2023   Query => 
Thu Mar 02 08:44:30 2023   Error => 『年齢』は必要です。
Thu Mar 02 08:44:30 2023   =======================================================
Thu Mar 02 08:46:28 2023   ====================confirm.php====================
Thu Mar 02 08:46:28 2023   Query => 
Thu Mar 02 08:46:28 2023   Error => 年齢値が無効です。
Thu Mar 02 08:46:28 2023   =======================================================
Thu Mar 02 08:50:29 2023   ====================confirm.php====================
Thu Mar 02 08:50:29 2023   Query => 
Thu Mar 02 08:50:29 2023   Error => 年齢値が無効です。
Thu Mar 02 08:50:29 2023   =======================================================
Thu Mar 02 08:54:59 2023   ====================confirm.php====================
Thu Mar 02 08:54:59 2023   Query => 
Thu Mar 02 08:54:59 2023   Error => 『権限』は必要です。
Thu Mar 02 08:54:59 2023   =======================================================
Thu Mar 02 08:58:56 2023   ====================confirm.php====================
Thu Mar 02 08:58:56 2023   Query => 
Thu Mar 02 08:58:56 2023   Error => 『性別』は必要です。
Thu Mar 02 08:58:56 2023   =======================================================
Thu Mar 02 08:59:31 2023   ====================confirm.php====================
Thu Mar 02 08:59:31 2023   Query => 
Thu Mar 02 08:59:31 2023   Error => 『性別』は必要です。
Thu Mar 02 08:59:31 2023   =======================================================
Thu Mar 02 10:11:48 2023   ====================confirm.php====================
Thu Mar 02 10:11:48 2023   Query => 
Thu Mar 02 10:11:48 2023   Error => 『性別』は必要です。
Thu Mar 02 10:11:48 2023   =======================================================
Thu Mar 02 10:14:02 2023   ====================confirm.php====================
Thu Mar 02 10:14:02 2023   Query => 
Thu Mar 02 10:14:02 2023   Error => 『アドレス』は必要です。
Thu Mar 02 10:14:02 2023   =======================================================
Thu Mar 02 10:30:56 2023   ====================confirm.php====================
Thu Mar 02 10:30:56 2023   Query => 
Thu Mar 02 10:30:56 2023   Error => トークン情報が一致しませんでした。
Thu Mar 02 10:30:56 2023   =======================================================
Thu Mar 02 11:10:26 2023   ====================confirm.php====================
Thu Mar 02 11:10:26 2023   Query => 
Thu Mar 02 11:10:26 2023   Error => 年齢値が無効です。
Thu Mar 02 11:10:26 2023   =======================================================
Thu Mar 02 11:10:33 2023   ====================confirm.php====================
Thu Mar 02 11:10:33 2023   Query => 
Thu Mar 02 11:10:33 2023   Error => 年齢値が無効です。
Thu Mar 02 11:10:33 2023   =======================================================
Thu Mar 02 11:11:36 2023   ====================confirm.php====================
Thu Mar 02 11:11:36 2023   Query => 
Thu Mar 02 11:11:36 2023   Error => 年齢値が無効です。
Thu Mar 02 11:11:36 2023   =======================================================
Thu Mar 02 11:11:40 2023   ====================confirm.php====================
Thu Mar 02 11:11:40 2023   Query => 
Thu Mar 02 11:11:40 2023   Error => 年齢値が無効です。
Thu Mar 02 11:11:40 2023   =======================================================
Thu Mar 02 11:11:41 2023   ====================confirm.php====================
Thu Mar 02 11:11:41 2023   Query => 
Thu Mar 02 11:11:41 2023   Error => 年齢値が無効です。
Thu Mar 02 11:11:41 2023   =======================================================
Thu Mar 02 11:12:03 2023   ====================confirm.php====================
Thu Mar 02 11:12:03 2023   Query => 
Thu Mar 02 11:12:03 2023   Error => 年齢値が無効です。
Thu Mar 02 11:12:03 2023   =======================================================
Thu Mar 02 11:12:04 2023   ====================confirm.php====================
Thu Mar 02 11:12:04 2023   Query => 
Thu Mar 02 11:12:04 2023   Error => 年齢値が無効です。
Thu Mar 02 11:12:04 2023   =======================================================
Thu Mar 02 11:13:06 2023   ====================upload.php====================
Thu Mar 02 11:13:06 2023   Query => 
Thu Mar 02 11:13:06 2023   Error => 無効な画像形式になりました。
Thu Mar 02 11:13:06 2023   =======================================================
Thu Mar 02 11:14:18 2023   ====================confirm.php====================
Thu Mar 02 11:14:18 2023   Query => 
Thu Mar 02 11:14:18 2023   Error => トークン情報が一致しませんでした。
Thu Mar 02 11:14:18 2023   =======================================================
Thu Mar 02 11:22:55 2023   ====================confirm.php====================
Thu Mar 02 11:22:55 2023   Query => 
Thu Mar 02 11:22:55 2023   Error => データベース接続に失敗しました。
Thu Mar 02 11:22:55 2023   =======================================================
Thu Mar 02 11:32:05 2023   ====================confirm.php====================
Thu Mar 02 11:32:05 2023   Query =>                 SELECT
                    *
                FROM
                    USERINFO_TABLE
                WHERE
                    USERID = 'signal03' AND
                    ACTIVEFLAG='1';
Thu Mar 02 11:32:05 2023   Error => 詳細についてはシステム管理者に確認してください。
Thu Mar 02 11:32:05 2023   =======================================================
Thu Mar 02 11:52:00 2023   ====================upload.php====================
Thu Mar 02 11:52:00 2023   Query => 
Thu Mar 02 11:52:00 2023   Error => トークンが一致しません。
Thu Mar 02 11:52:00 2023   =======================================================
Thu Mar 02 12:29:40 2023   ====================upload.php====================
Thu Mar 02 12:29:40 2023   Query => 
Thu Mar 02 12:29:40 2023   Error => トークンが一致しません。
Thu Mar 02 12:29:40 2023   =======================================================
Thu Mar 02 12:35:21 2023   ====================upload.php====================
Thu Mar 02 12:35:21 2023   Query => 
Thu Mar 02 12:35:21 2023   Error => 無効な画像形式になりました。
Thu Mar 02 12:35:21 2023   =======================================================
Thu Mar 02 13:01:35 2023   ====================upload.php====================
Thu Mar 02 13:01:35 2023   Query => 
Thu Mar 02 13:01:35 2023   Error => 無効な画像形式になりました。
Thu Mar 02 13:01:35 2023   =======================================================
Thu Mar 02 13:01:56 2023   ====================upload.php====================
Thu Mar 02 13:01:56 2023   Query => 
Thu Mar 02 13:01:56 2023   Error => 無効な画像形式になりました。
Thu Mar 02 13:01:56 2023   =======================================================
Thu Mar 02 13:18:05 2023   ====================upload.php====================
Thu Mar 02 13:18:05 2023   Query => 
Thu Mar 02 13:18:05 2023   Error => 無効な画像形式になりました。
Thu Mar 02 13:18:05 2023   =======================================================
Thu Mar 02 13:18:27 2023   ====================upload.php====================
Thu Mar 02 13:18:27 2023   Query => 
Thu Mar 02 13:18:27 2023   Error => 無効な画像形式になりました。
Thu Mar 02 13:18:27 2023   =======================================================
Thu Mar 02 13:22:35 2023   ====================upload.php====================
Thu Mar 02 13:22:35 2023   Query => 
Thu Mar 02 13:22:35 2023   Error => ファイル最大サイズは１MBです。
Thu Mar 02 13:22:35 2023   =======================================================
Thu Mar 02 13:27:10 2023   ====================upload.php====================
Thu Mar 02 13:27:10 2023   Query => 
Thu Mar 02 13:27:10 2023   Error => 画像のアップロードに失敗しました。
Thu Mar 02 13:27:10 2023   =======================================================
Thu Mar 02 13:30:53 2023   ====================confirm.php====================
Thu Mar 02 13:30:53 2023   Query => 
Thu Mar 02 13:30:53 2023   Error => 『権限』は必要です。
Thu Mar 02 13:30:53 2023   =======================================================
Thu Mar 02 13:33:23 2023   ====================confirm.php====================
Thu Mar 02 13:33:23 2023   Query => 
Thu Mar 02 13:33:23 2023   Error => 『権限』は必要です。
Thu Mar 02 13:33:23 2023   =======================================================
Thu Mar 02 14:07:07 2023   ====================confirm.php====================
Thu Mar 02 14:07:07 2023   Query => 
Thu Mar 02 14:07:07 2023   Error => トークン情報が一致しませんでした。
Thu Mar 02 14:07:07 2023   =======================================================
Thu Mar 02 14:19:45 2023   ====================upload.php====================
Thu Mar 02 14:19:45 2023   Query => 
Thu Mar 02 14:19:45 2023   Error => 無効な画像形式になりました。
Thu Mar 02 14:19:45 2023   =======================================================
Thu Mar 02 17:10:47 2023   ====================upload.php====================
Thu Mar 02 17:10:47 2023   Query => 
Thu Mar 02 17:10:47 2023   Error => 無効な画像形式になりました。
Thu Mar 02 17:10:47 2023   =======================================================
Thu Mar 02 17:16:36 2023   ====================upload.php====================
Thu Mar 02 17:16:36 2023   Query => 
Thu Mar 02 17:16:36 2023   Error => 無効な画像形式になりました。
Thu Mar 02 17:16:36 2023   =======================================================
Thu Mar 02 17:49:20 2023   ====================upload.php====================
Thu Mar 02 17:49:20 2023   Query => 
Thu Mar 02 17:49:20 2023   Error => 無効な画像形式になりました。
Thu Mar 02 17:49:20 2023   =======================================================
Thu Mar 02 18:15:59 2023   ====================register.php====================
Thu Mar 02 18:15:59 2023   Query => 
Thu Mar 02 18:15:59 2023   Error => トークン情報が一致しませんでした。
Thu Mar 02 18:15:59 2023   =======================================================
Thu Mar 02 18:39:37 2023   ====================register.php====================
Thu Mar 02 18:39:37 2023   Query => 
Thu Mar 02 18:39:37 2023   Error => 画像の移動に失敗しました。
Thu Mar 02 18:39:37 2023   =======================================================
Thu Mar 02 18:42:00 2023   ====================upload.php====================
Thu Mar 02 18:42:00 2023   Query => 
Thu Mar 02 18:42:00 2023   Error => 画像のアップロードに失敗しました。
Thu Mar 02 18:42:00 2023   =======================================================
Thu Mar 02 18:45:30 2023   ====================register.php====================
Thu Mar 02 18:45:30 2023   Query => 
Thu Mar 02 18:45:30 2023   Error => 画像の移動に失敗しました。
Thu Mar 02 18:45:30 2023   =======================================================
Thu Mar 02 19:06:03 2023   ====================upload.php====================
Thu Mar 02 19:06:03 2023   Query => 
Thu Mar 02 19:06:03 2023   Error => 無効な画像形式になりました。
Thu Mar 02 19:06:03 2023   =======================================================
