Fri Mar 03 01:59:35 2023   ====================register.php====================
Fri Mar 03 01:59:35 2023   Query => 
Fri Mar 03 01:59:35 2023   Error => データベース接続に失敗しました
Fri Mar 03 01:59:35 2023   =======================================================
Fri Mar 03 02:06:36 2023   ====================register.php====================
Fri Mar 03 02:06:36 2023   Query =>         SELECT
            *
        FROM
            USERINFO_TABLE
        WHERE
            USERID = 'signal03' AND
            ACTIVEFLAG='1';
Fri Mar 03 02:06:36 2023   Error => 詳細についてはシステム管理者に確認してください。
Fri Mar 03 02:06:36 2023   =======================================================
Fri Mar 03 02:16:25 2023   ====================register.php====================
Fri Mar 03 02:16:25 2023   Query =>                 INSERT INTO
                    USERINFO_TABLE
                    (USERID,
                    PASSWORD,
                    AUTHORITY,
                    AGE,
                    GENDER,
                    ADDRESS,
                    MOBILE,
                    ORIGINALFILENAME,
                    FILENAME)
                    VALUES ('',
                        '',
                        '',
                        ,
                        ,
                        '',
                        CASE 'なし'
                            WHEN 'iOS' THEN 1
                            WHEN 'Android' THEN 2
                            WHEN 'iOS/Android' THEN 3
                            ELSE 0
                        END,
                        NULLIF('', ''),
                        NULLIF('', ''));
Fri Mar 03 02:16:25 2023   Error => 詳細についてはシステム管理者に確認してください。
Fri Mar 03 02:16:25 2023   =======================================================
Fri Mar 03 02:20:24 2023   ====================register.php====================
Fri Mar 03 02:20:24 2023   Query => 
Fri Mar 03 02:20:24 2023   Error => ユーザーはすでに存在します
Fri Mar 03 02:20:24 2023   =======================================================
Fri Mar 03 02:23:47 2023   ====================confirm.php====================
Fri Mar 03 02:23:47 2023   Query => 
Fri Mar 03 02:23:47 2023   Error => ユーザーはすでに存在します。
Fri Mar 03 02:23:47 2023   =======================================================
Fri Mar 03 02:42:58 2023   ====================register.php====================
Fri Mar 03 02:42:58 2023   Query => 
Fri Mar 03 02:42:58 2023   Error => トークン情報が一致しませんでした。
Fri Mar 03 02:42:58 2023   =======================================================
Fri Mar 03 02:51:50 2023   ====================upload.php====================
Fri Mar 03 02:51:50 2023   Query => 
Fri Mar 03 02:51:50 2023   Error => 無効な画像形式になりました。
Fri Mar 03 02:51:50 2023   =======================================================
Fri Mar 03 03:04:18 2023   ====================register.php====================
Fri Mar 03 03:04:18 2023   Query => 
Fri Mar 03 03:04:18 2023   Error => 画像の移動に失敗しました。
Fri Mar 03 03:04:18 2023   =======================================================
Fri Mar 03 03:04:24 2023   ====================register.php====================
Fri Mar 03 03:04:24 2023   Query => 
Fri Mar 03 03:04:24 2023   Error => 画像の移動に失敗しました。
Fri Mar 03 03:04:24 2023   =======================================================
Fri Mar 03 03:19:36 2023   ====================upload.php====================
Fri Mar 03 03:19:36 2023   Query => 
Fri Mar 03 03:19:36 2023   Error => 無効な画像形式になりました。
Fri Mar 03 03:19:36 2023   =======================================================
Fri Mar 03 03:48:14 2023   ====================register.php====================
Fri Mar 03 03:48:14 2023   Query => 
Fri Mar 03 03:48:14 2023   Error => データベース接続に失敗しました
Fri Mar 03 03:48:14 2023   =======================================================
Fri Mar 03 03:51:36 2023   ====================register.php====================
Fri Mar 03 03:51:36 2023   Query =>         SELECT
            *
        FROM
            USERINFO_TABLE
        WHERE
            USERID = 'signal11' AND
            ACTIVEFLAG='1';
Fri Mar 03 03:51:36 2023   Error => 詳細についてはシステム管理者に確認してください。
Fri Mar 03 03:51:36 2023   =======================================================
Fri Mar 03 11:12:25 2023   ====================confirm.php====================
Fri Mar 03 11:12:25 2023   Query => 
Fri Mar 03 11:12:25 2023   Error => ユーザーはすでに存在します。
Fri Mar 03 11:12:25 2023   =======================================================
Fri Mar 03 11:13:34 2023   ====================confirm.php====================
Fri Mar 03 11:13:34 2023   Query => 
Fri Mar 03 11:13:34 2023   Error => 『住所』は必要です。
Fri Mar 03 11:13:34 2023   =======================================================
Fri Mar 03 17:04:42 2023   ====================confirm.php====================
Fri Mar 03 17:04:42 2023   Query => 
Fri Mar 03 17:04:42 2023   Error => 『住所』は必要です。
Fri Mar 03 17:04:42 2023   =======================================================
